Using pre-set license
Built from '2021.3/staging' branch; Version is '2021.3.9f1 (ad3870b89536) revision 11352176'; Using compiler version '192829333'; Build Type 'Release'
OS: 'Windows 11  (10.0.22621) 64bit Core' Language: 'en' Physical Memory: 16063 MB
BatchMode: 1, IsHumanControllingUs: 0, StartBugReporterOnCrash: 0, Is64bit: 1, IsPro: 1

COMMAND LINE ARGUMENTS:
C:\Program Files\Unity\Hub\Editor\2021.3.9f1\Editor\Unity.exe
-adb2
-batchMode
-noUpm
-name
AssetImportWorker0
-projectPath
C:/Users/sulib/Documents/PROJECT FOLDER/GITLAB REPO/PROJECT/Unity Work/Proof of Concepts/Roguelike Codebase
-logFile
Logs/AssetImportWorker0.log
-srvPort
54214
Successfully changed project path to: C:/Users/sulib/Documents/PROJECT FOLDER/GITLAB REPO/PROJECT/Unity Work/Proof of Concepts/Roguelike Codebase
C:/Users/sulib/Documents/PROJECT FOLDER/GITLAB REPO/PROJECT/Unity Work/Proof of Concepts/Roguelike Codebase
[UnityMemory] Configuration Parameters - Can be set up in boot.config
    "memorysetup-bucket-allocator-granularity=16"
    "memorysetup-bucket-allocator-bucket-count=8"
    "memorysetup-bucket-allocator-block-size=33554432"
    "memorysetup-bucket-allocator-block-count=8"
    "memorysetup-main-allocator-block-size=16777216"
    "memorysetup-thread-allocator-block-size=16777216"
    "memorysetup-gfx-main-allocator-block-size=16777216"
    "memorysetup-gfx-thread-allocator-block-size=16777216"
    "memorysetup-cache-allocator-block-size=4194304"
    "memorysetup-typetree-allocator-block-size=2097152"
    "memorysetup-profiler-bucket-allocator-granularity=16"
    "memorysetup-profiler-bucket-allocator-bucket-count=8"
    "memorysetup-profiler-bucket-allocator-block-size=33554432"
    "memorysetup-profiler-bucket-allocator-block-count=8"
    "memorysetup-profiler-allocator-block-size=16777216"
    "memorysetup-profiler-editor-allocator-block-size=1048576"
    "memorysetup-temp-allocator-size-main=16777216"
    "memorysetup-job-temp-allocator-block-size=2097152"
    "memorysetup-job-temp-allocator-block-size-background=1048576"
    "memorysetup-job-temp-allocator-reduction-small-platforms=262144"
    "memorysetup-temp-allocator-size-background-worker=32768"
    "memorysetup-temp-allocator-size-job-worker=262144"
    "memorysetup-temp-allocator-size-preload-manager=33554432"
    "memorysetup-temp-allocator-size-nav-mesh-worker=65536"
    "memorysetup-temp-allocator-size-audio-worker=65536"
    "memorysetup-temp-allocator-size-cloud-worker=32768"
    "memorysetup-temp-allocator-size-gi-baking-worker=262144"
    "memorysetup-temp-allocator-size-gfx=262144"
Refreshing native plugins compatible for Editor in 74.11 ms, found 4 plugins.
Preloading 0 native plugins for Editor in 0.00 ms.
Initialize engine version: 2021.3.9f1 (ad3870b89536)
[Subsystems] Discovering subsystems at path C:/Program Files/Unity/Hub/Editor/2021.3.9f1/Editor/Data/Resources/UnitySubsystems
[Subsystems] Discovering subsystems at path C:/Users/sulib/Documents/PROJECT FOLDER/GITLAB REPO/PROJECT/Unity Work/Proof of Concepts/Roguelike Codebase/Assets
GfxDevice: creating device client; threaded=0; jobified=0
Direct3D:
    Version:  Direct3D 11.0 [level 11.1]
    Renderer: NVIDIA GeForce RTX 3070 Laptop GPU (ID=0x249d)
    Vendor:   NVIDIA
    VRAM:     8044 MB
    Driver:   31.0.15.1661
Initialize mono
Mono path[0] = 'C:/Program Files/Unity/Hub/Editor/2021.3.9f1/Editor/Data/Managed'
Mono path[1] = 'C:/Program Files/Unity/Hub/Editor/2021.3.9f1/Editor/Data/MonoBleedingEdge/lib/mono/unityjit-win32'
Mono config path = 'C:/Program Files/Unity/Hub/Editor/2021.3.9f1/Editor/Data/MonoBleedingEdge/etc'
Using monoOptions --debugger-agent=transport=dt_socket,embedding=1,server=y,suspend=n,address=127.0.0.1:56460
Begin MonoManager ReloadAssembly
Registering precompiled unity dll's ...
Register platform support module: C:/Program Files/Unity/Hub/Editor/2021.3.9f1/Editor/Data/PlaybackEngines/WebGLSupport/UnityEditor.WebGL.Extensions.dll
Register platform support module: C:/Program Files/Unity/Hub/Editor/2021.3.9f1/Editor/Data/PlaybackEngines/WindowsStandaloneSupport/UnityEditor.WindowsStandalone.Extensions.dll
Registered in 0.004354 seconds.
Native extension for WindowsStandalone target not found
Native extension for WebGL target not found
Refreshing native plugins compatible for Editor in 78.77 ms, found 4 plugins.
Preloading 0 native plugins for Editor in 0.00 ms.
Mono: successfully reloaded assembly
- Completed reload, in  0.644 seconds
Domain Reload Profiling:
	ReloadAssembly (645ms)
		BeginReloadAssembly (85ms)
			ExecutionOrderSort (0ms)
			DisableScriptedObjects (0ms)
			BackupInstance (0ms)
			ReleaseScriptingObjects (0ms)
			CreateAndSetChildDomain (1ms)
		EndReloadAssembly (457ms)
			LoadAssemblies (85ms)
			RebuildTransferFunctionScriptingTraits (0ms)
			SetupTypeCache (125ms)
			ReleaseScriptCaches (0ms)
			RebuildScriptCaches (24ms)
			SetupLoadedEditorAssemblies (259ms)
				LogAssemblyErrors (0ms)
				InitializePlatformSupportModulesInManaged (7ms)
				SetLoadedEditorAssemblies (0ms)
				RefreshPlugins (79ms)
				BeforeProcessingInitializeOnLoad (1ms)
				ProcessInitializeOnLoadAttributes (134ms)
				ProcessInitializeOnLoadMethodAttributes (38ms)
				AfterProcessingInitializeOnLoad (0ms)
				EditorAssembliesLoaded (0ms)
			ExecutionOrderSort2 (0ms)
			AwakeInstancesAfterBackupRestoration (0ms)
Platform modules already initialized, skipping
Registering precompiled user dll's ...
Registered in 0.005604 seconds.
Begin MonoManager ReloadAssembly
Symbol file LoadedFromMemory doesn't match image C:\Users\sulib\Documents\PROJECT FOLDER\GITLAB REPO\PROJECT\Unity Work\Proof of Concepts\Roguelike Codebase\Library\PackageCache\com.unity.visualscripting@1.7.8\Editor\VisualScripting.Core\Dependencies\YamlDotNet\Unity.VisualScripting.YamlDotNet.dll
Symbol file LoadedFromMemory doesn't match image C:\Users\sulib\Documents\PROJECT FOLDER\GITLAB REPO\PROJECT\Unity Work\Proof of Concepts\Roguelike Codebase\Library\PackageCache\com.unity.visualscripting@1.7.8\Editor\VisualScripting.Core\Dependencies\DotNetZip\Unity.VisualScripting.IonicZip.dll
Native extension for WindowsStandalone target not found
Native extension for WebGL target not found
Refreshing native plugins compatible for Editor in 72.64 ms, found 4 plugins.
Preloading 0 native plugins for Editor in 0.00 ms.
Mono: successfully reloaded assembly
- Completed reload, in  1.099 seconds
Domain Reload Profiling:
	ReloadAssembly (1100ms)
		BeginReloadAssembly (85ms)
			ExecutionOrderSort (0ms)
			DisableScriptedObjects (4ms)
			BackupInstance (0ms)
			ReleaseScriptingObjects (0ms)
			CreateAndSetChildDomain (15ms)
		EndReloadAssembly (917ms)
			LoadAssemblies (77ms)
			RebuildTransferFunctionScriptingTraits (0ms)
			SetupTypeCache (308ms)
			ReleaseScriptCaches (1ms)
			RebuildScriptCaches (57ms)
			SetupLoadedEditorAssemblies (419ms)
				LogAssemblyErrors (0ms)
				InitializePlatformSupportModulesInManaged (4ms)
				SetLoadedEditorAssemblies (0ms)
				RefreshPlugins (73ms)
				BeforeProcessingInitializeOnLoad (80ms)
				ProcessInitializeOnLoadAttributes (218ms)
				ProcessInitializeOnLoadMethodAttributes (39ms)
				AfterProcessingInitializeOnLoad (5ms)
				EditorAssembliesLoaded (0ms)
			ExecutionOrderSort2 (0ms)
			AwakeInstancesAfterBackupRestoration (7ms)
Platform modules already initialized, skipping
========================================================================
Worker process is ready to serve import requests
Launched and connected shader compiler UnityShaderCompiler.exe after 0.06 seconds
Refreshing native plugins compatible for Editor in 0.78 ms, found 4 plugins.
Preloading 0 native plugins for Editor in 0.00 ms.
Unloading 4071 Unused Serialized files (Serialized files now loaded: 0)
Unloading 43 unused Assets / (181.6 KB). Loaded Objects now: 4522.
Memory consumption went from 153.0 MB to 152.8 MB.
Total: 3.040000 ms (FindLiveObjects: 0.290300 ms CreateObjectMapping: 0.140500 ms MarkObjects: 2.480900 ms  DeleteObjects: 0.127600 ms)

AssetImportParameters requested are different than current active one (requested -> active):
  custom:video-decoder-ogg-theora: a1e56fd34408186e4bbccfd4996cb3dc -> 
  custom:container-muxer-webm: aa71ff27fc2769a1b78a27578f13a17b -> 
  custom:container-demuxer-webm: 4f35f7cbe854078d1ac9338744f61a02 -> 
  custom:video-encoder-webm-vp8: eb34c28f22e8b96e1ab97ce403110664 -> 
  custom:video-codec-MediaFoundation-h265: 746d11721c4dcdbdad8f713fa42b33f4 -> 
  custom:audio-encoder-webm-vorbis: bf7c407c2cedff20999df2af8eb42d56 -> 
  custom:framework-win-MediaFoundation: 216162199b28c13a410421893ffa2e32 -> 
  custom:container-demuxer-ogg: 62fdf1f143b41e24485cea50d1cbac27 -> 
  custom:video-decoder-webm-vp8: 9c59270c3fd7afecdb556c50c9e8de78 -> 
  custom:audio-decoder-ogg-vorbis: bf7c407c2cedff20999df2af8eb42d56 -> 
========================================================================
Received Import Request.
  Time since last request: 7419.385056 seconds.
  path: Assets/Palettes/GroundPalette/Ground Pallete.prefab
  artifactKey: Guid(21e612d7b7530394faac5b029af9238c) Importer(815301076,1909f56bfc062723c751e8b465ee728b)
Start importing Assets/Palettes/GroundPalette/Ground Pallete.prefab using Guid(21e612d7b7530394faac5b029af9238c) Importer(815301076,1909f56bfc062723c751e8b465ee728b)  -> (artifact id: '5d6f9d71cda77a55d4d45f98def30106') in 0.094332 seconds 
========================================================================
Received Import Request.
  Time since last request: 0.671472 seconds.
  path: Assets/Palettes/TestPalette/TestPalette.prefab
  artifactKey: Guid(285bfc276e50a6146ac7803f05fc1ecf) Importer(815301076,1909f56bfc062723c751e8b465ee728b)
Start importing Assets/Palettes/TestPalette/TestPalette.prefab using Guid(285bfc276e50a6146ac7803f05fc1ecf) Importer(815301076,1909f56bfc062723c751e8b465ee728b)  -> (artifact id: 'b3c627b7ff8b609b4195b0041b2c015a') in 0.025538 seconds 
========================================================================
Received Import Request.
  Time since last request: 25.968664 seconds.
  path: Assets/Palettes/TestPalette/Tiles/Autorule_Ground.asset
  artifactKey: Guid(2ff7f9a1d4ed290499a6f4dd3ebd3078) Importer(815301076,1909f56bfc062723c751e8b465ee728b)
Start importing Assets/Palettes/TestPalette/Tiles/Autorule_Ground.asset using Guid(2ff7f9a1d4ed290499a6f4dd3ebd3078) Importer(815301076,1909f56bfc062723c751e8b465ee728b)  -> (artifact id: '23f48e2a9c5b85ad69bf1445f208beaa') in 0.023465 seconds 
========================================================================
Received Import Request.
  Time since last request: 0.000027 seconds.
  path: Assets/Palettes/TestPalette/Tiles/TopRight.asset
  artifactKey: Guid(253ebc47a83519b49b3a45c7f61771ae) Importer(815301076,1909f56bfc062723c751e8b465ee728b)
Start importing Assets/Palettes/TestPalette/Tiles/TopRight.asset using Guid(253ebc47a83519b49b3a45c7f61771ae) Importer(815301076,1909f56bfc062723c751e8b465ee728b)  -> (artifact id: '8e55f9d5856ec5cc97f91e378fa58779') in 0.034326 seconds 
========================================================================
Received Import Request.
  Time since last request: 0.000025 seconds.
  path: Assets/Palettes/TestPalette/Tiles/MiddleVertical.asset
  artifactKey: Guid(dee064bc5932b3d45a9ffd5c562a4a2e) Importer(815301076,1909f56bfc062723c751e8b465ee728b)
Start importing Assets/Palettes/TestPalette/Tiles/MiddleVertical.asset using Guid(dee064bc5932b3d45a9ffd5c562a4a2e) Importer(815301076,1909f56bfc062723c751e8b465ee728b)  -> (artifact id: 'aa199e781f59f5ea33d98a32a945d65c') in 0.019941 seconds 
========================================================================
Received Import Request.
  Time since last request: 0.000045 seconds.
  path: Assets/Palettes/TestPalette/Tiles/BottomLeft.asset
  artifactKey: Guid(caf0482a54b297f499d51a5b8a0c4f24) Importer(815301076,1909f56bfc062723c751e8b465ee728b)
Start importing Assets/Palettes/TestPalette/Tiles/BottomLeft.asset using Guid(caf0482a54b297f499d51a5b8a0c4f24) Importer(815301076,1909f56bfc062723c751e8b465ee728b)  -> (artifact id: '7032566876391738d3a60710a51e3237') in 0.020537 seconds 
========================================================================
Received Import Request.
  Time since last request: 0.000039 seconds.
  path: Assets/Palettes/TestPalette/Tiles/LeftHorizontal.asset
  artifactKey: Guid(5afc46bc599d3054699116d0d098e21f) Importer(815301076,1909f56bfc062723c751e8b465ee728b)
Start importing Assets/Palettes/TestPalette/Tiles/LeftHorizontal.asset using Guid(5afc46bc599d3054699116d0d098e21f) Importer(815301076,1909f56bfc062723c751e8b465ee728b)  -> (artifact id: 'c68f824f1cd9d7957ab3d27cf3e03ffa') in 0.016902 seconds 
========================================================================
Received Import Request.
  Time since last request: 0.000088 seconds.
  path: Assets/Palettes/TestPalette/Tiles/MiddleRight.asset
  artifactKey: Guid(7eb3fd3fed308214ea5a213d49b46e83) Importer(815301076,1909f56bfc062723c751e8b465ee728b)
Start importing Assets/Palettes/TestPalette/Tiles/MiddleRight.asset using Guid(7eb3fd3fed308214ea5a213d49b46e83) Importer(815301076,1909f56bfc062723c751e8b465ee728b)  -> (artifact id: '529603c55b0ae6a7b4740176b7f56460') in 0.019520 seconds 
========================================================================
Received Import Request.
  Time since last request: 0.000038 seconds.
  path: Assets/Palettes/TestPalette/Tiles/MiddleLeft.asset
  artifactKey: Guid(d8511e5876ed29a42b2eb6902cd1ad83) Importer(815301076,1909f56bfc062723c751e8b465ee728b)
Start importing Assets/Palettes/TestPalette/Tiles/MiddleLeft.asset using Guid(d8511e5876ed29a42b2eb6902cd1ad83) Importer(815301076,1909f56bfc062723c751e8b465ee728b)  -> (artifact id: '613400ba96d70a89ffb91bb331a18a17') in 0.018218 seconds 
========================================================================
Received Import Request.
  Time since last request: 0.000038 seconds.
  path: Assets/Palettes/TestPalette/Tiles/Floor.asset
  artifactKey: Guid(bf6c934552fcc43438dd57cab77e201d) Importer(815301076,1909f56bfc062723c751e8b465ee728b)
Start importing Assets/Palettes/TestPalette/Tiles/Floor.asset using Guid(bf6c934552fcc43438dd57cab77e201d) Importer(815301076,1909f56bfc062723c751e8b465ee728b)  -> (artifact id: 'dd9eabe51f0e12830e7b8d20956861cd') in 0.015531 seconds 
========================================================================
Received Import Request.
  Time since last request: 0.000026 seconds.
  path: Assets/Palettes/TestPalette/Tiles/TopLeft.asset
  artifactKey: Guid(2c6be9fece2e6b84c86a9d3d270a0e59) Importer(815301076,1909f56bfc062723c751e8b465ee728b)
Start importing Assets/Palettes/TestPalette/Tiles/TopLeft.asset using Guid(2c6be9fece2e6b84c86a9d3d270a0e59) Importer(815301076,1909f56bfc062723c751e8b465ee728b)  -> (artifact id: 'af1798007362ba7020567d7a05dd3561') in 0.013263 seconds 
========================================================================
Received Import Request.
  Time since last request: 0.000036 seconds.
  path: Assets/Palettes/TestPalette/Tiles/BottomVertical.asset
  artifactKey: Guid(a0d400bc2eab7f740b5458d8cfb09397) Importer(815301076,1909f56bfc062723c751e8b465ee728b)
Start importing Assets/Palettes/TestPalette/Tiles/BottomVertical.asset using Guid(a0d400bc2eab7f740b5458d8cfb09397) Importer(815301076,1909f56bfc062723c751e8b465ee728b)  -> (artifact id: '5dc047956b7d6062fb130050b06ed88a') in 0.013906 seconds 
Editor requested this worker to shutdown with reason: Scaling down because of idle timeout
AssetImportWorker is now disconnected from the server
Process exiting
Exiting without the bug reporter. Application will terminate with return code 0